The system is: Linux - 5.10.0-kali9-amd64 - x86_64
Compiling the C compiler identification source file "CMakeCCompilerId.c" succeeded.
Compiler: /bin/clang-9 
Build flags: 
Id flags:  

The output was:
0


Compilation of the C compiler identification source "CMakeCCompilerId.c" produced "a.out"

The C compiler identification is Clang, found in "/home/kali/x-tetris/build/CMakeFiles/3.21.3/CompilerIdC/a.out"

Detecting C compiler ABI info compiled with the following output:
Change Dir: /home/kali/x-tetris/build/CMakeFiles/CMakeTmp

Run Build Command(s):/usr/bin/gmake -f Makefile cmTC_07ff9/fast && /usr/bin/gmake  -f CMakeFiles/cmTC_07ff9.dir/build.make CMakeFiles/cmTC_07ff9.dir/build
gmake[1]: Entering directory '/home/kali/x-tetris/build/CMakeFiles/CMakeTmp'
Building C object CMakeFiles/cmTC_07ff9.dir/CMakeCCompilerABI.c.o
/bin/clang-9   -v -MD -MT CMakeFiles/cmTC_07ff9.dir/CMakeCCompilerABI.c.o -MF CMakeFiles/cmTC_07ff9.dir/CMakeCCompilerABI.c.o.d -o CMakeFiles/cmTC_07ff9.dir/CMakeCCompilerABI.c.o -c /usr/share/cmake-3.21/Modules/CMakeCCompilerABI.c
clang version 9.0.1-16.1 
Target: x86_64-pc-linux-gnu
Thread model: posix
InstalledDir: /bin
Found candidate GCC installation: /bin/../lib/gcc/x86_64-linux-gnu/10
Found candidate GCC installation: /usr/lib/gcc/x86_64-linux-gnu/10
Selected GCC installation: /bin/../lib/gcc/x86_64-linux-gnu/10
Candidate multilib: .;@m64
Selected multilib: .;@m64
 "/usr/lib/llvm-9/bin/clang" -cc1 -triple x86_64-pc-linux-gnu -emit-obj -mrelax-all -disable-free -disable-llvm-verifier -discard-value-names -main-file-name CMakeCCompilerABI.c -mrelocation-model static -mthread-model posix -mdisable-fp-elim -fmath-errno -masm-verbose -mconstructor-aliases -munwind-tables -fuse-init-array -target-cpu x86-64 -dwarf-column-info -debugger-tuning=gdb -v -coverage-notes-file /home/kali/x-tetris/build/CMakeFiles/CMakeTmp/CMakeFiles/cmTC_07ff9.dir/CMakeCCompilerABI.c.gcno -resource-dir /usr/lib/llvm-9/lib/clang/9.0.1 -dependency-file CMakeFiles/cmTC_07ff9.dir/CMakeCCompilerABI.c.o.d -sys-header-deps -MT CMakeFiles/cmTC_07ff9.dir/CMakeCCompilerABI.c.o -internal-isystem /usr/local/include -internal-isystem /usr/lib/llvm-9/lib/clang/9.0.1/include -internal-externc-isystem /usr/include/x86_64-linux-gnu -internal-externc-isystem /include -internal-externc-isystem /usr/include -fdebug-compilation-dir /home/kali/x-tetris/build/CMakeFiles/CMakeTmp -ferror-limit 19 -fmessage-length 0 -fobjc-runtime=gcc -fdiagnostics-show-option -faddrsig -o CMakeFiles/cmTC_07ff9.dir/CMakeCCompilerABI.c.o -x c /usr/share/cmake-3.21/Modules/CMakeCCompilerABI.c
clang -cc1 version 9.0.1 based upon LLVM 9.0.1 default target x86_64-pc-linux-gnu
ignoring nonexistent directory "/include"
#include "..." search starts here:
#include <...> search starts here:
 /usr/local/include
 /usr/lib/llvm-9/lib/clang/9.0.1/include
 /usr/include/x86_64-linux-gnu
 /usr/include
End of search list.
Linking C executable cmTC_07ff9
/usr/bin/cmake -E cmake_link_script CMakeFiles/cmTC_07ff9.dir/link.txt --verbose=1
/bin/clang-9  -v CMakeFiles/cmTC_07ff9.dir/CMakeCCompilerABI.c.o -o cmTC_07ff9 
clang version 9.0.1-16.1 
Target: x86_64-pc-linux-gnu
Thread model: posix
InstalledDir: /bin
Found candidate GCC installation: /bin/../lib/gcc/x86_64-linux-gnu/10
Found candidate GCC installation: /usr/lib/gcc/x86_64-linux-gnu/10
Selected GCC installation: /bin/../lib/gcc/x86_64-linux-gnu/10
Candidate multilib: .;@m64
Selected multilib: .;@m64
 "/bin/ld" --build-id --eh-frame-hdr -m elf_x86_64 -dynamic-linker /lib64/ld-linux-x86-64.so.2 -o cmTC_07ff9 /bin/../lib/gcc/x86_64-linux-gnu/10/../../../x86_64-linux-gnu/crt1.o /bin/../lib/gcc/x86_64-linux-gnu/10/../../../x86_64-linux-gnu/crti.o /bin/../lib/gcc/x86_64-linux-gnu/10/crtbegin.o -L/bin/../lib/gcc/x86_64-linux-gnu/10 -L/bin/../lib/gcc/x86_64-linux-gnu/10/../../../x86_64-linux-gnu -L/bin/../lib/gcc/x86_64-linux-gnu/10/../../../../lib64 -L/lib/x86_64-linux-gnu -L/lib/../lib64 -L/usr/lib/x86_64-linux-gnu -L/usr/lib/../lib64 -L/usr/lib/x86_64-linux-gnu/../../lib64 -L/bin/../lib/gcc/x86_64-linux-gnu/10/../../.. -L/usr/lib/llvm-9/bin/../lib -L/lib -L/usr/lib CMakeFiles/cmTC_07ff9.dir/CMakeCCompilerABI.c.o -lgcc --as-needed -lgcc_s --no-as-needed -lc -lgcc --as-needed -lgcc_s --no-as-needed /bin/../lib/gcc/x86_64-linux-gnu/10/crtend.o /bin/../lib/gcc/x86_64-linux-gnu/10/../../../x86_64-linux-gnu/crtn.o
gmake[1]: Leaving directory '/home/kali/x-tetris/build/CMakeFiles/CMakeTmp'



Parsed C implicit include dir info from above output: rv=done
  found start of include info
  found start of implicit include info
    add: [/usr/local/include]
    add: [/usr/lib/llvm-9/lib/clang/9.0.1/include]
    add: [/usr/include/x86_64-linux-gnu]
    add: [/usr/include]
  end of search list found
  collapse include dir [/usr/local/include] ==> [/usr/local/include]
  collapse include dir [/usr/lib/llvm-9/lib/clang/9.0.1/include] ==> [/usr/lib/llvm-9/lib/clang/9.0.1/include]
  collapse include dir [/usr/include/x86_64-linux-gnu] ==> [/usr/include/x86_64-linux-gnu]
  collapse include dir [/usr/include] ==> [/usr/include]
  implicit include dirs: [/usr/local/include;/usr/lib/llvm-9/lib/clang/9.0.1/include;/usr/include/x86_64-linux-gnu;/usr/include]


Parsed C implicit link information from above output:
  link line regex: [^( *|.*[/\])(ld|CMAKE_LINK_STARTFILE-NOTFOUND|([^/\]+-)?ld|collect2)[^/\]*( |$)]
  ignore line: [Change Dir: /home/kali/x-tetris/build/CMakeFiles/CMakeTmp]
  ignore line: []
  ignore line: [Run Build Command(s):/usr/bin/gmake -f Makefile cmTC_07ff9/fast && /usr/bin/gmake  -f CMakeFiles/cmTC_07ff9.dir/build.make CMakeFiles/cmTC_07ff9.dir/build]
  ignore line: [gmake[1]: Entering directory '/home/kali/x-tetris/build/CMakeFiles/CMakeTmp']
  ignore line: [Building C object CMakeFiles/cmTC_07ff9.dir/CMakeCCompilerABI.c.o]
  ignore line: [/bin/clang-9   -v -MD -MT CMakeFiles/cmTC_07ff9.dir/CMakeCCompilerABI.c.o -MF CMakeFiles/cmTC_07ff9.dir/CMakeCCompilerABI.c.o.d -o CMakeFiles/cmTC_07ff9.dir/CMakeCCompilerABI.c.o -c /usr/share/cmake-3.21/Modules/CMakeCCompilerABI.c]
  ignore line: [clang version 9.0.1-16.1 ]
  ignore line: [Target: x86_64-pc-linux-gnu]
  ignore line: [Thread model: posix]
  ignore line: [InstalledDir: /bin]
  ignore line: [Found candidate GCC installation: /bin/../lib/gcc/x86_64-linux-gnu/10]
  ignore line: [Found candidate GCC installation: /usr/lib/gcc/x86_64-linux-gnu/10]
  ignore line: [Selected GCC installation: /bin/../lib/gcc/x86_64-linux-gnu/10]
  ignore line: [Candidate multilib: .]
  ignore line: [@m64]
  ignore line: [Selected multilib: .]
  ignore line: [@m64]
  ignore line: [ "/usr/lib/llvm-9/bin/clang" -cc1 -triple x86_64-pc-linux-gnu -emit-obj -mrelax-all -disable-free -disable-llvm-verifier -discard-value-names -main-file-name CMakeCCompilerABI.c -mrelocation-model static -mthread-model posix -mdisable-fp-elim -fmath-errno -masm-verbose -mconstructor-aliases -munwind-tables -fuse-init-array -target-cpu x86-64 -dwarf-column-info -debugger-tuning=gdb -v -coverage-notes-file /home/kali/x-tetris/build/CMakeFiles/CMakeTmp/CMakeFiles/cmTC_07ff9.dir/CMakeCCompilerABI.c.gcno -resource-dir /usr/lib/llvm-9/lib/clang/9.0.1 -dependency-file CMakeFiles/cmTC_07ff9.dir/CMakeCCompilerABI.c.o.d -sys-header-deps -MT CMakeFiles/cmTC_07ff9.dir/CMakeCCompilerABI.c.o -internal-isystem /usr/local/include -internal-isystem /usr/lib/llvm-9/lib/clang/9.0.1/include -internal-externc-isystem /usr/include/x86_64-linux-gnu -internal-externc-isystem /include -internal-externc-isystem /usr/include -fdebug-compilation-dir /home/kali/x-tetris/build/CMakeFiles/CMakeTmp -ferror-limit 19 -fmessage-length 0 -fobjc-runtime=gcc -fdiagnostics-show-option -faddrsig -o CMakeFiles/cmTC_07ff9.dir/CMakeCCompilerABI.c.o -x c /usr/share/cmake-3.21/Modules/CMakeCCompilerABI.c]
  ignore line: [clang -cc1 version 9.0.1 based upon LLVM 9.0.1 default target x86_64-pc-linux-gnu]
  ignore line: [ignoring nonexistent directory "/include"]
  ignore line: [#include "..." search starts here:]
  ignore line: [#include <...> search starts here:]
  ignore line: [ /usr/local/include]
  ignore line: [ /usr/lib/llvm-9/lib/clang/9.0.1/include]
  ignore line: [ /usr/include/x86_64-linux-gnu]
  ignore line: [ /usr/include]
  ignore line: [End of search list.]
  ignore line: [Linking C executable cmTC_07ff9]
  ignore line: [/usr/bin/cmake -E cmake_link_script CMakeFiles/cmTC_07ff9.dir/link.txt --verbose=1]
  ignore line: [/bin/clang-9  -v CMakeFiles/cmTC_07ff9.dir/CMakeCCompilerABI.c.o -o cmTC_07ff9 ]
  ignore line: [clang version 9.0.1-16.1 ]
  ignore line: [Target: x86_64-pc-linux-gnu]
  ignore line: [Thread model: posix]
  ignore line: [InstalledDir: /bin]
  ignore line: [Found candidate GCC installation: /bin/../lib/gcc/x86_64-linux-gnu/10]
  ignore line: [Found candidate GCC installation: /usr/lib/gcc/x86_64-linux-gnu/10]
  ignore line: [Selected GCC installation: /bin/../lib/gcc/x86_64-linux-gnu/10]
  ignore line: [Candidate multilib: .]
  ignore line: [@m64]
  ignore line: [Selected multilib: .]
  ignore line: [@m64]
  link line: [ "/bin/ld" --build-id --eh-frame-hdr -m elf_x86_64 -dynamic-linker /lib64/ld-linux-x86-64.so.2 -o cmTC_07ff9 /bin/../lib/gcc/x86_64-linux-gnu/10/../../../x86_64-linux-gnu/crt1.o /bin/../lib/gcc/x86_64-linux-gnu/10/../../../x86_64-linux-gnu/crti.o /bin/../lib/gcc/x86_64-linux-gnu/10/crtbegin.o -L/bin/../lib/gcc/x86_64-linux-gnu/10 -L/bin/../lib/gcc/x86_64-linux-gnu/10/../../../x86_64-linux-gnu -L/bin/../lib/gcc/x86_64-linux-gnu/10/../../../../lib64 -L/lib/x86_64-linux-gnu -L/lib/../lib64 -L/usr/lib/x86_64-linux-gnu -L/usr/lib/../lib64 -L/usr/lib/x86_64-linux-gnu/../../lib64 -L/bin/../lib/gcc/x86_64-linux-gnu/10/../../.. -L/usr/lib/llvm-9/bin/../lib -L/lib -L/usr/lib CMakeFiles/cmTC_07ff9.dir/CMakeCCompilerABI.c.o -lgcc --as-needed -lgcc_s --no-as-needed -lc -lgcc --as-needed -lgcc_s --no-as-needed /bin/../lib/gcc/x86_64-linux-gnu/10/crtend.o /bin/../lib/gcc/x86_64-linux-gnu/10/../../../x86_64-linux-gnu/crtn.o]
    arg [/bin/ld] ==> ignore
    arg [--build-id] ==> ignore
    arg [--eh-frame-hdr] ==> ignore
    arg [-m] ==> ignore
    arg [elf_x86_64] ==> ignore
    arg [-dynamic-linker] ==> ignore
    arg [/lib64/ld-linux-x86-64.so.2] ==> ignore
    arg [-o] ==> ignore
    arg [cmTC_07ff9] ==> ignore
    arg [/bin/../lib/gcc/x86_64-linux-gnu/10/../../../x86_64-linux-gnu/crt1.o] ==> obj [/bin/../lib/gcc/x86_64-linux-gnu/10/../../../x86_64-linux-gnu/crt1.o]
    arg [/bin/../lib/gcc/x86_64-linux-gnu/10/../../../x86_64-linux-gnu/crti.o] ==> obj [/bin/../lib/gcc/x86_64-linux-gnu/10/../../../x86_64-linux-gnu/crti.o]
    arg [/bin/../lib/gcc/x86_64-linux-gnu/10/crtbegin.o] ==> obj [/bin/../lib/gcc/x86_64-linux-gnu/10/crtbegin.o]
    arg [-L/bin/../lib/gcc/x86_64-linux-gnu/10] ==> dir [/bin/../lib/gcc/x86_64-linux-gnu/10]
    arg [-L/bin/../lib/gcc/x86_64-linux-gnu/10/../../../x86_64-linux-gnu] ==> dir [/bin/../lib/gcc/x86_64-linux-gnu/10/../../../x86_64-linux-gnu]
    arg [-L/bin/../lib/gcc/x86_64-linux-gnu/10/../../../../lib64] ==> dir [/bin/../lib/gcc/x86_64-linux-gnu/10/../../../../lib64]
    arg [-L/lib/x86_64-linux-gnu] ==> dir [/lib/x86_64-linux-gnu]
    arg [-L/lib/../lib64] ==> dir [/lib/../lib64]
    arg [-L/usr/lib/x86_64-linux-gnu] ==> dir [/usr/lib/x86_64-linux-gnu]
    arg [-L/usr/lib/../lib64] ==> dir [/usr/lib/../lib64]
    arg [-L/usr/lib/x86_64-linux-gnu/../../lib64] ==> dir [/usr/lib/x86_64-linux-gnu/../../lib64]
    arg [-L/bin/../lib/gcc/x86_64-linux-gnu/10/../../..] ==> dir [/bin/../lib/gcc/x86_64-linux-gnu/10/../../..]
    arg [-L/usr/lib/llvm-9/bin/../lib] ==> dir [/usr/lib/llvm-9/bin/../lib]
    arg [-L/lib] ==> dir [/lib]
    arg [-L/usr/lib] ==> dir [/usr/lib]
    arg [CMakeFiles/cmTC_07ff9.dir/CMakeCCompilerABI.c.o] ==> ignore
    arg [-lgcc] ==> lib [gcc]
    arg [--as-needed] ==> ignore
    arg [-lgcc_s] ==> lib [gcc_s]
    arg [--no-as-needed] ==> ignore
    arg [-lc] ==> lib [c]
    arg [-lgcc] ==> lib [gcc]
    arg [--as-needed] ==> ignore
    arg [-lgcc_s] ==> lib [gcc_s]
    arg [--no-as-needed] ==> ignore
    arg [/bin/../lib/gcc/x86_64-linux-gnu/10/crtend.o] ==> obj [/bin/../lib/gcc/x86_64-linux-gnu/10/crtend.o]
    arg [/bin/../lib/gcc/x86_64-linux-gnu/10/../../../x86_64-linux-gnu/crtn.o] ==> obj [/bin/../lib/gcc/x86_64-linux-gnu/10/../../../x86_64-linux-gnu/crtn.o]
  collapse obj [/bin/../lib/gcc/x86_64-linux-gnu/10/../../../x86_64-linux-gnu/crt1.o] ==> [/lib/x86_64-linux-gnu/crt1.o]
  collapse obj [/bin/../lib/gcc/x86_64-linux-gnu/10/../../../x86_64-linux-gnu/crti.o] ==> [/lib/x86_64-linux-gnu/crti.o]
  collapse obj [/bin/../lib/gcc/x86_64-linux-gnu/10/crtbegin.o] ==> [/lib/gcc/x86_64-linux-gnu/10/crtbegin.o]
  collapse obj [/bin/../lib/gcc/x86_64-linux-gnu/10/crtend.o] ==> [/lib/gcc/x86_64-linux-gnu/10/crtend.o]
  collapse obj [/bin/../lib/gcc/x86_64-linux-gnu/10/../../../x86_64-linux-gnu/crtn.o] ==> [/lib/x86_64-linux-gnu/crtn.o]
  collapse library dir [/bin/../lib/gcc/x86_64-linux-gnu/10] ==> [/lib/gcc/x86_64-linux-gnu/10]
  collapse library dir [/bin/../lib/gcc/x86_64-linux-gnu/10/../../../x86_64-linux-gnu] ==> [/lib/x86_64-linux-gnu]
  collapse library dir [/bin/../lib/gcc/x86_64-linux-gnu/10/../../../../lib64] ==> [/lib64]
  collapse library dir [/lib/x86_64-linux-gnu] ==> [/lib/x86_64-linux-gnu]
  collapse library dir [/lib/../lib64] ==> [/lib64]
  collapse library dir [/usr/lib/x86_64-linux-gnu] ==> [/usr/lib/x86_64-linux-gnu]
  collapse library dir [/usr/lib/../lib64] ==> [/usr/lib64]
  collapse library dir [/usr/lib/x86_64-linux-gnu/../../lib64] ==> [/usr/lib64]
  collapse library dir [/bin/../lib/gcc/x86_64-linux-gnu/10/../../..] ==> [/lib]
  collapse library dir [/usr/lib/llvm-9/bin/../lib] ==> [/usr/lib/llvm-9/lib]
  collapse library dir [/lib] ==> [/lib]
  collapse library dir [/usr/lib] ==> [/usr/lib]
  implicit libs: [gcc;gcc_s;c;gcc;gcc_s]
  implicit objs: [/lib/x86_64-linux-gnu/crt1.o;/lib/x86_64-linux-gnu/crti.o;/lib/gcc/x86_64-linux-gnu/10/crtbegin.o;/lib/gcc/x86_64-linux-gnu/10/crtend.o;/lib/x86_64-linux-gnu/crtn.o]
  implicit dirs: [/lib/gcc/x86_64-linux-gnu/10;/lib/x86_64-linux-gnu;/lib64;/usr/lib/x86_64-linux-gnu;/usr/lib64;/lib;/usr/lib/llvm-9/lib;/usr/lib]
  implicit fwks: []


